<?xml version="1.0" encoding="UTF-8"?>
<!-- Generated by org.testng.reporters.JUnitXMLReporter -->
<testsuite hostname="IN-L2172" name="Login" tests="2" failures="1" timestamp="25 Feb 2020 09:07:23 GMT" time="23.256" errors="0">
  <testcase name="feature" time="2.542" classname="com.yodlee.wellness.runner.LoginTestRunner"/>
  <testcase name="feature" time="20.1" classname="com.yodlee.wellness.runner.LoginTestRunner">
    <failure type="cucumber.runtime.CucumberException" message="java.lang.AssertionError: Element :: By.xpath: //div[@role=&amp;apos;alert&amp;apos; and contains(.,&amp;apos;Congratulations! Your accounts have been linked&amp;apos;)] is not displayed even after 0 seconds">
      <![CDATA[cucumber.runtime.CucumberException: java.lang.AssertionError: Element :: By.xpath: //div[@role='alert' and contains(.,'Congratulations! Your accounts have been linked')] is not displayed even after 0 seconds
	at cucumber.api.testng.TestNGCucumberRunner.runCucumber(TestNGCucumberRunner.java:69)
	at cucumber.api.testng.AbstractTestNGCucumberTests.feature(AbstractTestNGCucumberTests.java:21)
Caused by: java.lang.AssertionError: Element :: By.xpath: //div[@role='alert' and contains(.,'Congratulations! Your accounts have been linked')] is not displayed even after 0 seconds
	at com.yodlee.core.base.CoreBasePage.waitUntilElementIsVisible(CoreBasePage.java:1390)
	at com.yodlee.wellness.steps.LinkAccountSteps.account_added_succefuuly_alert_should_be_displayed(LinkAccountSteps.java:57)
	at âœ½.Then Account added succefully alert should be displayed(2_AddAccount.feature:11)
... Removed 25 stack frames]]>
    </failure>
  </testcase> <!-- feature -->
</testsuite> <!-- Login -->
