<?xml version="1.0" encoding="UTF-8"?>
<!-- Generated by org.testng.reporters.JUnitReportReporter -->
<testsuite hostname="IN-L2439" name="com.yodlee.wellness.runner.LoginTestRunner" tests="5" failures="0" timestamp="26 Mar 2020 10:27:58 GMT" time="42.257" errors="1">
  <testcase name="feature" time="5.555" classname="com.yodlee.wellness.runner.LoginTestRunner"/>
  <testcase name="feature" time="3.932" classname="com.yodlee.wellness.runner.LoginTestRunner"/>
  <testcase name="feature" time="4.994" classname="com.yodlee.wellness.runner.LoginTestRunner"/>
  <testcase name="feature" time="5.632" classname="com.yodlee.wellness.runner.LoginTestRunner">
    <error type="cucumber.runtime.CucumberException" message="java.lang.AssertionError: Element values are not matching for element :: DashboardPage.accountNames with locator :: By.xpath: //*[@autoid=&#039;accounts-container-level-low&#039;]//div[contains(@class,&#039;account-details&#039;)]//span[@class=&#039;ellipsis&#039;]: lists don&#039;t have the same size expected [5] but found [9]">
      <![CDATA[cucumber.runtime.CucumberException: java.lang.AssertionError: Element values are not matching for element :: DashboardPage.accountNames with locator :: By.xpath: //*[@autoid='accounts-container-level-low']//div[contains(@class,'account-details')]//span[@class='ellipsis']: lists don't have the same size expected [5] but found [9]
	at cucumber.api.testng.TestNGCucumberRunner.runCucumber(TestNGCucumberRunner.java:69)
	at cucumber.api.testng.AbstractTestNGCucumberTests.feature(AbstractTestNGCucumberTests.java:21)
	at sun.reflect.NativeMethodAccessorImpl.invoke0(Native Method)
	at sun.reflect.NativeMethodAccessorImpl.invoke(NativeMethodAccessorImpl.java:62)
	at sun.reflect.DelegatingMethodAccessorImpl.invoke(DelegatingMethodAccessorImpl.java:43)
	at java.lang.reflect.Method.invoke(Method.java:498)
	at org.testng.internal.MethodInvocationHelper.invokeMethod(MethodInvocationHelper.java:86)
	at org.testng.internal.Invoker.invokeMethod(Invoker.java:643)
	at org.testng.internal.Invoker.invokeTestMethod(Invoker.java:820)
	at org.testng.internal.Invoker.invokeTestMethods(Invoker.java:1128)
	at org.testng.internal.TestMethodWorker.invokeTestMethods(TestMethodWorker.java:129)
	at org.testng.internal.TestMethodWorker.run(TestMethodWorker.java:112)
	at org.testng.TestRunner.privateRun(TestRunner.java:782)
	at org.testng.TestRunner.run(TestRunner.java:632)
	at org.testng.SuiteRunner.runTest(SuiteRunner.java:366)
	at org.testng.SuiteRunner.runSequentially(SuiteRunner.java:361)
	at org.testng.SuiteRunner.privateRun(SuiteRunner.java:319)
	at org.testng.SuiteRunner.run(SuiteRunner.java:268)
	at org.testng.SuiteRunnerWorker.runSuite(SuiteRunnerWorker.java:52)
	at org.testng.SuiteRunnerWorker.run(SuiteRunnerWorker.java:86)
	at org.testng.TestNG.runSuitesSequentially(TestNG.java:1244)
	at org.testng.TestNG.runSuitesLocally(TestNG.java:1169)
	at org.testng.TestNG.run(TestNG.java:1064)
	at org.apache.maven.surefire.testng.TestNGExecutor.run(TestNGExecutor.java:132)
	at org.apache.maven.surefire.testng.TestNGDirectoryTestSuite.executeSingleClass(TestNGDirectoryTestSuite.java:134)
	at org.apache.maven.surefire.testng.TestNGDirectoryTestSuite.execute(TestNGDirectoryTestSuite.java:118)
	at org.apache.maven.surefire.testng.TestNGProvider.invoke(TestNGProvider.java:146)
	at org.apache.maven.surefire.booter.ForkedBooter.invokeProviderInSameClassLoader(ForkedBooter.java:286)
	at org.apache.maven.surefire.booter.ForkedBooter.runSuitesInProcess(ForkedBooter.java:240)
	at org.apache.maven.surefire.booter.ForkedBooter.main(ForkedBooter.java:121)
Caused by: java.lang.AssertionError: Element values are not matching for element :: DashboardPage.accountNames with locator :: By.xpath: //*[@autoid='accounts-container-level-low']//div[contains(@class,'account-details')]//span[@class='ellipsis']: lists don't have the same size expected [5] but found [9]
	at org.testng.Assert.fail(Assert.java:94)
	at org.testng.Assert.failNotEquals(Assert.java:513)
	at org.testng.Assert.assertEqualsImpl(Assert.java:135)
	at org.testng.Assert.assertEquals(Assert.java:116)
	at org.testng.Assert.assertEquals(Assert.java:389)
	at org.testng.Assert.assertEquals(Assert.java:556)
	at com.yodlee.wellness.steps.WellnessStandardSteps.verify_values_with_comma_seperated(WellnessStandardSteps.java:95)
	at âœ½.Then Verify the values in sorted manner with comma seperated "accountNames" "TESTDATA | x-3xxx,TESTDATA1 | x-3xxx,Super CD Plus | x-2334,DAG INVESTMENT | Other | x-5555,DAG INSURANCE | x-5556"(5_VerifyAccountsInDashboard.feature:6)
]]>
    </error>
  </testcase> <!-- feature -->
  <testcase name="feature" time="22.144" classname="com.yodlee.wellness.runner.LoginTestRunner"/>
</testsuite> <!-- com.yodlee.wellness.runner.LoginTestRunner -->
